[debug] [2022-10-21T03:16:51.764Z] ----------------------------------------------------------------------
[debug] [2022-10-21T03:16:51.765Z] Command:       /Users/hongjukim/.nvm/versions/node/v19.0.0/bin/node /Users/hongjukim/.nvm/versions/node/v19.0.0/bin/firebase init hosting
[debug] [2022-10-21T03:16:51.765Z] CLI Version:   11.15.0
[debug] [2022-10-21T03:16:51.765Z] Platform:      darwin
[debug] [2022-10-21T03:16:51.765Z] Node Version:  v19.0.0
[debug] [2022-10-21T03:16:51.765Z] Time:          Fri Oct 21 2022 16:16:51 GMT+1300 (New Zealand Daylight Time)
[debug] [2022-10-21T03:16:51.765Z] ----------------------------------------------------------------------
[debug] 
[debug] [2022-10-21T03:16:51.797Z] > command requires scopes: ["email","openid","https://www.googleapis.com/auth/cloudplatformprojects.readonly","https://www.googleapis.com/auth/firebase","https://www.googleapis.com/auth/cloud-platform"]
[debug] [2022-10-21T03:16:51.797Z] > authorizing via signed-in user (hjk0795@gmail.com)
[info] 
     ######## #### ########  ######## ########     ###     ######  ########
     ##        ##  ##     ## ##       ##     ##  ##   ##  ##       ##
     ######    ##  ########  ######   ########  #########  ######  ######
     ##        ##  ##    ##  ##       ##     ## ##     ##       ## ##
     ##       #### ##     ## ######## ########  ##     ##  ######  ########

You're about to initialize a Firebase project in this directory:

  /Users/hongjukim/Downloads/WebDev/bocchi-nextjs/bocchi

Before we get started, keep in mind:

  * You are initializing within an existing Firebase project directory

[info] 
=== Project Setup
[info] 
[info] First, let's associate this project directory with a Firebase project.
[info] You can create multiple project aliases by running firebase use --add, 
[info] but for now we'll just set up a default project.
[info] 
[debug] [2022-10-21T03:16:51.798Z] Using project from CLI flag: bocchi-cd32c
[debug] [2022-10-21T03:16:51.799Z] >>> [apiv2][query] GET https://firebase.googleapis.com/v1beta1/projects/bocchi-cd32c [none]
[debug] [2022-10-21T03:16:52.475Z] <<< [apiv2][status] GET https://firebase.googleapis.com/v1beta1/projects/bocchi-cd32c 200
[debug] [2022-10-21T03:16:52.476Z] <<< [apiv2][body] GET https://firebase.googleapis.com/v1beta1/projects/bocchi-cd32c {"projectId":"bocchi-cd32c","projectNumber":"429017394127","displayName":"bocchi","name":"projects/bocchi-cd32c","resources":{"hostingSite":"bocchi-cd32c","realtimeDatabaseInstance":"bocchi-cd32c-default-rtdb"},"state":"ACTIVE","etag":"1_f8ac2465-5cee-4e0e-ab13-0647f23c9ca6"}
[info] i  Using project bocchi-cd32c (bocchi) 
[info] 
=== Hosting Setup
[info] 
[info] Your public directory is the folder (relative to your project directory) that
[info] will contain Hosting assets to be uploaded with firebase deploy. If you
[info] have a build process for your assets, use your build's output directory.
[info] 
